<?xml version="1.0" encoding="UTF-8"?>
<!-- Generated by org.testng.reporters.JUnitXMLReporter -->
<testsuite hostname="thirukiot" ignored="0" name="Surefire test" tests="5" failures="1" timestamp="2019-12-20T15:30:37 IST" time="143.94" errors="0">
  <testcase name="AddToCartTest" time="38.036" classname="Tests.Ecommerce.AddToCartTest"/>
  <testcase name="test1Test" time="18.417" classname="Tests.Ecommerce.Ecommerce_tc_1_Test"/>
  <testcase name="HybridAppTest" time="42.125" classname="Tests.Ecommerce.HybridAppTest">
    <failure type="org.openqa.selenium.WebDriverException" message="An unknown server-side error occurred while processing the command. Original error: Could not proxy command to remote server. Original error: Error: socket hang up
Build info: version: &amp;apos;3.141.59&amp;apos;, revision: &amp;apos;e82be7d358&amp;apos;, time: &amp;apos;2018-11-14T08:17:03&amp;apos;
System info: host: &amp;apos;THIRUKIOT&amp;apos;, ip: &amp;apos;192.168.56.1&amp;apos;, os.name: &amp;apos;Windows 10&amp;apos;, os.arch: &amp;apos;amd64&amp;apos;, os.version: &amp;apos;10.0&amp;apos;, java.version: &amp;apos;1.8.0_131&amp;apos;
Driver info: io.appium.java_client.android.AndroidDriver
Capabilities {app: C:\Users\Admin\IdeaProjects..., appPackage: com.androidsample.generalstore, appWaitActivity: com.androidsample.generalst..., autoGrantPermissions: true, automationName: uiautomator2, databaseEnabled: false, desired: {app: C:\Users\Admin\IdeaProjects..., appPackage: com.androidsample.generalstore, appWaitActivity: com.androidsample.generalst..., autoGrantPermissions: true, automationName: uiautomator2, deviceName: Emulator1, platformName: android}, deviceApiLevel: 29, deviceManufacturer: Google, deviceModel: Android SDK built for x86, deviceName: emulator-5554, deviceScreenDensity: 420, deviceScreenSize: 1080x1920, deviceUDID: emulator-5554, javascriptEnabled: true, locationContextEnabled: false, networkConnectionEnabled: true, pixelRatio: 2.625, platform: LINUX, platformName: Android, platformVersion: 10, statBarHeight: 63, takesScreenshot: true, viewportRect: {height: 1731, left: 0, top: 63, width: 1080}, warnings: {}, webStorageEnabled: false}
Session ID: db097f4d-15ef-4fb3-beec-8374f056726b">
      <![CDATA[org.openqa.selenium.WebDriverException: An unknown server-side error occurred while processing the command. Original error: Could not proxy command to remote server. Original error: Error: socket hang up
Build info: version: '3.141.59', revision: 'e82be7d358', time: '2018-11-14T08:17:03'
System info: host: 'THIRUKIOT', ip: '192.168.56.1', os.name: 'Windows 10', os.arch: 'amd64', os.version: '10.0', java.version: '1.8.0_131'
Driver info: io.appium.java_client.android.AndroidDriver
Capabilities {app: C:\Users\Admin\IdeaProjects..., appPackage: com.androidsample.generalstore, appWaitActivity: com.androidsample.generalst..., autoGrantPermissions: true, automationName: uiautomator2, databaseEnabled: false, desired: {app: C:\Users\Admin\IdeaProjects..., appPackage: com.androidsample.generalstore, appWaitActivity: com.androidsample.generalst..., autoGrantPermissions: true, automationName: uiautomator2, deviceName: Emulator1, platformName: android}, deviceApiLevel: 29, deviceManufacturer: Google, deviceModel: Android SDK built for x86, deviceName: emulator-5554, deviceScreenDensity: 420, deviceScreenSize: 1080x1920, deviceUDID: emulator-5554, javascriptEnabled: true, locationContextEnabled: false, networkConnectionEnabled: true, pixelRatio: 2.625, platform: LINUX, platformName: Android, platformVersion: 10, statBarHeight: 63, takesScreenshot: true, viewportRect: {height: 1731, left: 0, top: 63, width: 1080}, warnings: {}, webStorageEnabled: false}
Session ID: db097f4d-15ef-4fb3-beec-8374f056726b
at org.openqa.selenium.remote.http.W3CHttpResponseCodec.createException(W3CHttpResponseCodec.java:187)
at org.openqa.selenium.remote.http.W3CHttpResponseCodec.decode(W3CHttpResponseCodec.java:122)
at org.openqa.selenium.remote.http.W3CHttpResponseCodec.decode(W3CHttpResponseCodec.java:49)
at org.openqa.selenium.remote.HttpCommandExecutor.execute(HttpCommandExecutor.java:158)
at io.appium.java_client.remote.AppiumCommandExecutor.execute(AppiumCommandExecutor.java:239)
at org.openqa.selenium.remote.RemoteWebDriver.execute(RemoteWebDriver.java:552)
at io.appium.java_client.DefaultGenericMobileDriver.execute(DefaultGenericMobileDriver.java:41)
at io.appium.java_client.AppiumDriver.execute(AppiumDriver.java:1)
at io.appium.java_client.android.AndroidDriver.execute(AndroidDriver.java:1)
at io.appium.java_client.CommandExecutionHelper.execute(CommandExecutionHelper.java:27)
at io.appium.java_client.android.nativekey.PressesKey.pressKey(PressesKey.java:35)
at Tests.Ecommerce.HybridAppTest.HybridAppTest(HybridAppTest.java:42)
at java.util.ArrayList.forEach(ArrayList.java:1249)
... Removed 36 stack frames]]>
    </failure>
  </testcase> <!-- HybridAppTest -->
  <testcase name="ToastMessagesTest" time="16.937" classname="Tests.Ecommerce.ToastMessageTest"/>
  <testcase name="TotalAmountTest" time="28.316" classname="Tests.Ecommerce.TotalAmountTest"/>
</testsuite> <!-- Surefire test -->
