<?xml version="1.0" encoding="UTF-8"?>
<testng-results skipped="0" failed="0" ignored="0" total="1" passed="1">
  <reporter-output>
  </reporter-output>
  <suite name="TestNGXMLTest Test Suite" duration-ms="54495" started-at="2019-12-20T15:44:16 IST" finished-at="2019-12-20T15:45:10 IST">
    <groups>
    </groups>
    <test name="TestNGXMLTest Test" duration-ms="54495" started-at="2019-12-20T15:44:16 IST" finished-at="2019-12-20T15:45:10 IST">
      <class name="Tests.Ecommerce.HybridAppTest">
        <test-method status="PASS" signature="HybridAppTest()[pri:0, instance:Tests.Ecommerce.HybridAppTest@3cef309d]" name="HybridAppTest" duration-ms="54431" started-at="2019-12-20T15:44:16 IST" finished-at="2019-12-20T15:45:10 IST">
          <reporter-output>
          </reporter-output>
        </test-method> <!-- HybridAppTest -->
      </class> <!-- Tests.Ecommerce.HybridAppTest -->
    </test> <!-- TestNGXMLTest Test -->
  </suite> <!-- TestNGXMLTest Test Suite -->
</testng-results>
